[debug] [2020-12-01T12:29:37.813Z] ----------------------------------------------------------------------
[debug] [2020-12-01T12:29:37.819Z] Command:       C:\Program Files\nodejs\node.exe C:\Users\Kamas\AppData\Roaming\npm\node_modules\firebase-tools\lib\bin\firebase.js init
[debug] [2020-12-01T12:29:37.820Z] CLI Version:   8.16.2
[debug] [2020-12-01T12:29:37.820Z] Platform:      win32
[debug] [2020-12-01T12:29:37.821Z] Node Version:  v14.15.1
[debug] [2020-12-01T12:29:37.822Z] Time:          Tue Dec 01 2020 12:29:37 GMT+0000 (heure moyenne de Greenwich)
[debug] [2020-12-01T12:29:37.823Z] ----------------------------------------------------------------------
[debug] [2020-12-01T12:29:37.823Z] 
[debug] [2020-12-01T12:29:37.836Z] > command requires scopes: ["email","openid","https://www.googleapis.com/auth/cloudplatformprojects.readonly","https://www.googleapis.com/auth/firebase","https://www.googleapis.com/auth/cloud-platform"]
[debug] [2020-12-01T12:29:37.838Z] > authorizing via signed-in user
[info] 
     ######## #### ########  ######## ########     ###     ######  ########
     ##        ##  ##     ## ##       ##     ##  ##   ##  ##       ##
     ######    ##  ########  ######   ########  #########  ######  ######
     ##        ##  ##    ##  ##       ##     ## ##     ##       ## ##
     ##       #### ##     ## ######## ########  ##     ##  ######  ########

You're about to initialize a Firebase project in this directory:

  C:\Projet

Before we get started, keep in mind:

  * You are currently outside your home directory

